<?xml version="1.0" encoding="UTF-8"?>
<!-- Generated by org.testng.reporters.JUnitReportReporter -->
<testsuite hostname="DESKTOP-HLI4FIQ" failures="0" tests="1" name="testsenarios.NewTest_4" time="50.991" errors="0" timestamp="2023-05-04T19:19:22 CDT" skipped="0">
  <testcase classname="testsenarios.NewTest_4" name="f" time="50.991"/>
  <system-out/>
</testsuite> <!-- testsenarios.NewTest_4 -->
