<?xml version="1.0" encoding="UTF-8"?>
<!-- Generated by org.testng.reporters.JUnitReportReporter -->
<testsuite hostname="DESKTOP-HLI4FIQ" failures="0" tests="2" name="testsenarios.NewTest_3" time="100.877" errors="0" timestamp="2023-05-03T12:19:18 CDT" skipped="0">
  <testcase classname="testsenarios.NewTest_3" name="f" time="50.623"/>
  <system-out/>
  <testcase classname="testsenarios.NewTest_3" name="f" time="50.254"/>
  <system-out/>
</testsuite> <!-- testsenarios.NewTest_3 -->
