<?xml version="1.0" encoding="UTF-8"?>
<!-- Generated by org.testng.reporters.JUnitReportReporter -->
<testsuite hostname="DESKTOP-HLI4FIQ" failures="0" tests="1" name="testsenarios.NewTest_2" time="9.645" errors="0" timestamp="2023-05-03T11:30:07 CDT" skipped="0">
  <testcase classname="testsenarios.NewTest_2" name="f" time="9.645"/>
  <system-out/>
</testsuite> <!-- testsenarios.NewTest_2 -->
